<?xml version="1.0" encoding="UTF-8"?>
<testsuite xmlns:xsi="http://www.w3.org/2001/XMLSchema-instance" xsi:noNamespaceSchemaLocation="https://maven.apache.org/surefire/maven-surefire-plugin/xsd/surefire-test-report-3.0.xsd" version="3.0" name="com.interswitch.DepartmentRepositoryTest" time="0.022" tests="4" errors="0" skipped="0" failures="0">
  <properties>
    <property name="java.specification.version" value="17"/>
    <property name="sun.cpu.isalist" value="amd64"/>
    <property name="sun.jnu.encoding" value="Cp1252"/>
    <property name="java.class.path" value="C:\Users\adeola.adefuye\Desktop\Tech\Programming\Java\shared\spring-microservices\salary-service\target\test-classes;C:\Users\adeola.adefuye\Desktop\Tech\Programming\Java\shared\spring-microservices\salary-service\target\classes;C:\Users\adeola.adefuye\.m2\org\springframework\cloud\spring-cloud-starter-netflix-eureka-client\4.0.3\spring-cloud-starter-netflix-eureka-client-4.0.3.jar;C:\Users\adeola.adefuye\.m2\org\springframework\cloud\spring-cloud-starter\4.0.4\spring-cloud-starter-4.0.4.jar;C:\Users\adeola.adefuye\.m2\org\springframework\cloud\spring-cloud-context\4.0.4\spring-cloud-context-4.0.4.jar;C:\Users\adeola.adefuye\.m2\org\springframework\security\spring-security-rsa\1.0.12.RELEASE\spring-security-rsa-1.0.12.RELEASE.jar;C:\Users\adeola.adefuye\.m2\org\bouncycastle\bcpkix-jdk18on\1.73\bcpkix-jdk18on-1.73.jar;C:\Users\adeola.adefuye\.m2\org\bouncycastle\bcprov-jdk18on\1.73\bcprov-jdk18on-1.73.jar;C:\Users\adeola.adefuye\.m2\org\bouncycastle\bcutil-jdk18on\1.73\bcutil-jdk18on-1.73.jar;C:\Users\adeola.adefuye\.m2\org\springframework\cloud\spring-cloud-netflix-eureka-client\4.0.3\spring-cloud-netflix-eureka-client-4.0.3.jar;C:\Users\adeola.adefuye\.m2\org\apache\httpcomponents\client5\httpclient5\5.2.1\httpclient5-5.2.1.jar;C:\Users\adeola.adefuye\.m2\org\apache\httpcomponents\core5\httpcore5\5.2.2\httpcore5-5.2.2.jar;C:\Users\adeola.adefuye\.m2\org\apache\httpcomponents\core5\httpcore5-h2\5.2.2\httpcore5-h2-5.2.2.jar;C:\Users\adeola.adefuye\.m2\com\netflix\eureka\eureka-client\2.0.1\eureka-client-2.0.1.jar;C:\Users\adeola.adefuye\.m2\com\netflix\netflix-commons\netflix-eventbus\0.3.0\netflix-eventbus-0.3.0.jar;C:\Users\adeola.adefuye\.m2\com\netflix\netflix-commons\netflix-infix\0.3.0\netflix-infix-0.3.0.jar;C:\Users\adeola.adefuye\.m2\commons-jxpath\commons-jxpath\1.3\commons-jxpath-1.3.jar;C:\Users\adeola.adefuye\.m2\joda-time\joda-time\2.3\joda-time-2.3.jar;C:\Users\adeola.adefuye\.m2\org\antlr\antlr-runtime\3.4\antlr-runtime-3.4.jar;C:\Users\adeola.adefuye\.m2\org\antlr\stringtemplate\3.2.1\stringtemplate-3.2.1.jar;C:\Users\adeola.adefuye\.m2\antlr\antlr\2.7.7\antlr-2.7.7.jar;C:\Users\adeola.adefuye\.m2\com\google\code\gson\gson\2.10.1\gson-2.10.1.jar;C:\Users\adeola.adefuye\.m2\org\apache\commons\commons-math\2.2\commons-math-2.2.jar;C:\Users\adeola.adefuye\.m2\com\thoughtworks\xstream\xstream\1.4.19\xstream-1.4.19.jar;C:\Users\adeola.adefuye\.m2\io\github\x-stream\mxparser\1.2.2\mxparser-1.2.2.jar;C:\Users\adeola.adefuye\.m2\xmlpull\xmlpull\1.1.3.1\xmlpull-1.1.3.1.jar;C:\Users\adeola.adefuye\.m2\jakarta\ws\rs\jakarta.ws.rs-api\3.1.0\jakarta.ws.rs-api-3.1.0.jar;C:\Users\adeola.adefuye\.m2\jakarta\inject\jakarta.inject-api\2.0.1\jakarta.inject-api-2.0.1.jar;C:\Users\adeola.adefuye\.m2\jakarta\annotation\jakarta.annotation-api\2.1.1\jakarta.annotation-api-2.1.1.jar;C:\Users\adeola.adefuye\.m2\com\netflix\servo\servo-core\0.12.21\servo-core-0.12.21.jar;C:\Users\adeola.adefuye\.m2\com\google\guava\guava\19.0\guava-19.0.jar;C:\Users\adeola.adefuye\.m2\org\apache\httpcomponents\httpclient\4.5.3\httpclient-4.5.3.jar;C:\Users\adeola.adefuye\.m2\org\apache\httpcomponents\httpcore\4.4.16\httpcore-4.4.16.jar;C:\Users\adeola.adefuye\.m2\commons-codec\commons-codec\1.15\commons-codec-1.15.jar;C:\Users\adeola.adefuye\.m2\commons-configuration\commons-configuration\1.10\commons-configuration-1.10.jar;C:\Users\adeola.adefuye\.m2\commons-lang\commons-lang\2.6\commons-lang-2.6.jar;C:\Users\adeola.adefuye\.m2\com\fasterxml\jackson\core\jackson-annotations\2.15.2\jackson-annotations-2.15.2.jar;C:\Users\adeola.adefuye\.m2\com\fasterxml\jackson\core\jackson-core\2.15.2\jackson-core-2.15.2.jar;C:\Users\adeola.adefuye\.m2\org\codehaus\jettison\jettison\1.4.0\jettison-1.4.0.jar;C:\Users\adeola.adefuye\.m2\com\netflix\eureka\eureka-core\2.0.1\eureka-core-2.0.1.jar;C:\Users\adeola.adefuye\.m2\jakarta\servlet\jakarta.servlet-api\6.0.0\jakarta.servlet-api-6.0.0.jar;C:\Users\adeola.adefuye\.m2\com\fasterxml\woodstox\woodstox-core\6.2.1\woodstox-core-6.2.1.jar;C:\Users\adeola.adefuye\.m2\org\codehaus\woodstox\stax2-api\4.2.1\stax2-api-4.2.1.jar;C:\Users\adeola.adefuye\.m2\org\springframework\cloud\spring-cloud-starter-loadbalancer\4.0.4\spring-cloud-starter-loadbalancer-4.0.4.jar;C:\Users\adeola.adefuye\.m2\org\springframework\cloud\spring-cloud-loadbalancer\4.0.4\spring-cloud-loadbalancer-4.0.4.jar;C:\Users\adeola.adefuye\.m2\io\projectreactor\reactor-core\3.5.8\reactor-core-3.5.8.jar;C:\Users\adeola.adefuye\.m2\org\reactivestreams\reactive-streams\1.0.4\reactive-streams-1.0.4.jar;C:\Users\adeola.adefuye\.m2\io\projectreactor\addons\reactor-extra\3.5.1\reactor-extra-3.5.1.jar;C:\Users\adeola.adefuye\.m2\org\springframework\boot\spring-boot-starter-cache\3.1.2\spring-boot-starter-cache-3.1.2.jar;C:\Users\adeola.adefuye\.m2\org\springframework\spring-context-support\6.0.11\spring-context-support-6.0.11.jar;C:\Users\adeola.adefuye\.m2\com\stoyanr\evictor\1.0.0\evictor-1.0.0.jar;C:\Users\adeola.adefuye\.m2\org\springframework\cloud\spring-cloud-starter-config\4.0.4\spring-cloud-starter-config-4.0.4.jar;C:\Users\adeola.adefuye\.m2\org\springframework\cloud\spring-cloud-config-client\4.0.4\spring-cloud-config-client-4.0.4.jar;C:\Users\adeola.adefuye\.m2\com\fasterxml\jackson\core\jackson-databind\2.15.2\jackson-databind-2.15.2.jar;C:\Users\adeola.adefuye\.m2\org\springframework\cloud\spring-cloud-starter-openfeign\4.0.4\spring-cloud-starter-openfeign-4.0.4.jar;C:\Users\adeola.adefuye\.m2\org\springframework\spring-web\6.0.11\spring-web-6.0.11.jar;C:\Users\adeola.adefuye\.m2\org\springframework\spring-beans\6.0.11\spring-beans-6.0.11.jar;C:\Users\adeola.adefuye\.m2\org\springframework\cloud\spring-cloud-commons\4.0.4\spring-cloud-commons-4.0.4.jar;C:\Users\adeola.adefuye\.m2\org\springframework\security\spring-security-crypto\6.1.2\spring-security-crypto-6.1.2.jar;C:\Users\adeola.adefuye\.m2\io\github\openfeign\feign-core\12.4\feign-core-12.4.jar;C:\Users\adeola.adefuye\.m2\io\github\openfeign\feign-slf4j\12.4\feign-slf4j-12.4.jar;C:\Users\adeola.adefuye\.m2\org\springframework\cloud\spring-cloud-openfeign-core\4.0.4\spring-cloud-openfeign-core-4.0.4.jar;C:\Users\adeola.adefuye\.m2\org\springframework\boot\spring-boot-autoconfigure\3.1.2\spring-boot-autoconfigure-3.1.2.jar;C:\Users\adeola.adefuye\.m2\org\springframework\boot\spring-boot\3.1.2\spring-boot-3.1.2.jar;C:\Users\adeola.adefuye\.m2\org\springframework\boot\spring-boot-starter-aop\3.1.2\spring-boot-starter-aop-3.1.2.jar;C:\Users\adeola.adefuye\.m2\org\springframework\spring-aop\6.0.11\spring-aop-6.0.11.jar;C:\Users\adeola.adefuye\.m2\org\aspectj\aspectjweaver\1.9.19\aspectjweaver-1.9.19.jar;C:\Users\adeola.adefuye\.m2\io\github\openfeign\form\feign-form-spring\3.8.0\feign-form-spring-3.8.0.jar;C:\Users\adeola.adefuye\.m2\io\github\openfeign\form\feign-form\3.8.0\feign-form-3.8.0.jar;C:\Users\adeola.adefuye\.m2\commons-fileupload\commons-fileupload\1.5\commons-fileupload-1.5.jar;C:\Users\adeola.adefuye\.m2\commons-io\commons-io\2.11.0\commons-io-2.11.0.jar;C:\Users\adeola.adefuye\.m2\org\springframework\boot\spring-boot-starter-web\3.1.2\spring-boot-starter-web-3.1.2.jar;C:\Users\adeola.adefuye\.m2\org\springframework\boot\spring-boot-starter\3.1.2\spring-boot-starter-3.1.2.jar;C:\Users\adeola.adefuye\.m2\org\springframework\boot\spring-boot-starter-logging\3.1.2\spring-boot-starter-logging-3.1.2.jar;C:\Users\adeola.adefuye\.m2\ch\qos\logback\logback-classic\1.4.8\logback-classic-1.4.8.jar;C:\Users\adeola.adefuye\.m2\ch\qos\logback\logback-core\1.4.8\logback-core-1.4.8.jar;C:\Users\adeola.adefuye\.m2\org\apache\logging\log4j\log4j-to-slf4j\2.20.0\log4j-to-slf4j-2.20.0.jar;C:\Users\adeola.adefuye\.m2\org\apache\logging\log4j\log4j-api\2.20.0\log4j-api-2.20.0.jar;C:\Users\adeola.adefuye\.m2\org\slf4j\jul-to-slf4j\2.0.7\jul-to-slf4j-2.0.7.jar;C:\Users\adeola.adefuye\.m2\org\yaml\snakeyaml\1.33\snakeyaml-1.33.jar;C:\Users\adeola.adefuye\.m2\org\springframework\boot\spring-boot-starter-json\3.1.2\spring-boot-starter-json-3.1.2.jar;C:\Users\adeola.adefuye\.m2\com\fasterxml\jackson\datatype\jackson-datatype-jdk8\2.15.2\jackson-datatype-jdk8-2.15.2.jar;C:\Users\adeola.adefuye\.m2\com\fasterxml\jackson\datatype\jackson-datatype-jsr310\2.15.2\jackson-datatype-jsr310-2.15.2.jar;C:\Users\adeola.adefuye\.m2\com\fasterxml\jackson\module\jackson-module-parameter-names\2.15.2\jackson-module-parameter-names-2.15.2.jar;C:\Users\adeola.adefuye\.m2\org\springframework\boot\spring-boot-starter-tomcat\3.1.2\spring-boot-starter-tomcat-3.1.2.jar;C:\Users\adeola.adefuye\.m2\org\apache\tomcat\embed\tomcat-embed-core\10.1.11\tomcat-embed-core-10.1.11.jar;C:\Users\adeola.adefuye\.m2\org\apache\tomcat\embed\tomcat-embed-el\10.1.11\tomcat-embed-el-10.1.11.jar;C:\Users\adeola.adefuye\.m2\org\apache\tomcat\embed\tomcat-embed-websocket\10.1.11\tomcat-embed-websocket-10.1.11.jar;C:\Users\adeola.adefuye\.m2\org\springframework\spring-webmvc\6.0.11\spring-webmvc-6.0.11.jar;C:\Users\adeola.adefuye\.m2\org\springframework\spring-context\6.0.11\spring-context-6.0.11.jar;C:\Users\adeola.adefuye\.m2\org\springframework\spring-expression\6.0.11\spring-expression-6.0.11.jar;C:\Users\adeola.adefuye\.m2\org\springframework\boot\spring-boot-starter-actuator\3.1.2\spring-boot-starter-actuator-3.1.2.jar;C:\Users\adeola.adefuye\.m2\org\springframework\boot\spring-boot-actuator-autoconfigure\3.1.2\spring-boot-actuator-autoconfigure-3.1.2.jar;C:\Users\adeola.adefuye\.m2\org\springframework\boot\spring-boot-actuator\3.1.2\spring-boot-actuator-3.1.2.jar;C:\Users\adeola.adefuye\.m2\io\micrometer\micrometer-observation\1.11.2\micrometer-observation-1.11.2.jar;C:\Users\adeola.adefuye\.m2\io\micrometer\micrometer-commons\1.11.2\micrometer-commons-1.11.2.jar;C:\Users\adeola.adefuye\.m2\io\micrometer\micrometer-core\1.11.2\micrometer-core-1.11.2.jar;C:\Users\adeola.adefuye\.m2\org\hdrhistogram\HdrHistogram\2.1.12\HdrHistogram-2.1.12.jar;C:\Users\adeola.adefuye\.m2\org\latencyutils\LatencyUtils\2.0.3\LatencyUtils-2.0.3.jar;C:\Users\adeola.adefuye\.m2\io\micrometer\micrometer-tracing-bridge-otel\1.1.3\micrometer-tracing-bridge-otel-1.1.3.jar;C:\Users\adeola.adefuye\.m2\io\micrometer\micrometer-tracing\1.1.3\micrometer-tracing-1.1.3.jar;C:\Users\adeola.adefuye\.m2\io\micrometer\context-propagation\1.0.4\context-propagation-1.0.4.jar;C:\Users\adeola.adefuye\.m2\aopalliance\aopalliance\1.0\aopalliance-1.0.jar;C:\Users\adeola.adefuye\.m2\org\slf4j\slf4j-api\2.0.7\slf4j-api-2.0.7.jar;C:\Users\adeola.adefuye\.m2\io\opentelemetry\opentelemetry-api\1.25.0\opentelemetry-api-1.25.0.jar;C:\Users\adeola.adefuye\.m2\io\opentelemetry\opentelemetry-context\1.25.0\opentelemetry-context-1.25.0.jar;C:\Users\adeola.adefuye\.m2\io\opentelemetry\opentelemetry-semconv\1.25.0-alpha\opentelemetry-semconv-1.25.0-alpha.jar;C:\Users\adeola.adefuye\.m2\io\opentelemetry\opentelemetry-sdk-common\1.25.0\opentelemetry-sdk-common-1.25.0.jar;C:\Users\adeola.adefuye\.m2\io\opentelemetry\opentelemetry-sdk-trace\1.25.0\opentelemetry-sdk-trace-1.25.0.jar;C:\Users\adeola.adefuye\.m2\io\opentelemetry\opentelemetry-sdk\1.25.0\opentelemetry-sdk-1.25.0.jar;C:\Users\adeola.adefuye\.m2\io\opentelemetry\opentelemetry-sdk-metrics\1.25.0\opentelemetry-sdk-metrics-1.25.0.jar;C:\Users\adeola.adefuye\.m2\io\opentelemetry\opentelemetry-sdk-logs\1.25.0-alpha\opentelemetry-sdk-logs-1.25.0-alpha.jar;C:\Users\adeola.adefuye\.m2\io\opentelemetry\opentelemetry-api-logs\1.25.0-alpha\opentelemetry-api-logs-1.25.0-alpha.jar;C:\Users\adeola.adefuye\.m2\io\opentelemetry\opentelemetry-api-events\1.25.0-alpha\opentelemetry-api-events-1.25.0-alpha.jar;C:\Users\adeola.adefuye\.m2\io\opentelemetry\instrumentation\opentelemetry-instrumentation-api-semconv\1.24.0-alpha\opentelemetry-instrumentation-api-semconv-1.24.0-alpha.jar;C:\Users\adeola.adefuye\.m2\io\opentelemetry\instrumentation\opentelemetry-instrumentation-api\1.24.0\opentelemetry-instrumentation-api-1.24.0.jar;C:\Users\adeola.adefuye\.m2\io\opentelemetry\opentelemetry-extension-trace-propagators\1.25.0\opentelemetry-extension-trace-propagators-1.25.0.jar;C:\Users\adeola.adefuye\.m2\io\opentelemetry\opentelemetry-exporter-zipkin\1.25.0\opentelemetry-exporter-zipkin-1.25.0.jar;C:\Users\adeola.adefuye\.m2\io\zipkin\reporter2\zipkin-reporter\2.16.3\zipkin-reporter-2.16.3.jar;C:\Users\adeola.adefuye\.m2\io\zipkin\zipkin2\zipkin\2.23.2\zipkin-2.23.2.jar;C:\Users\adeola.adefuye\.m2\io\opentelemetry\opentelemetry-exporter-common\1.25.0\opentelemetry-exporter-common-1.25.0.jar;C:\Users\adeola.adefuye\.m2\io\opentelemetry\opentelemetry-sdk-extension-autoconfigure-spi\1.25.0\opentelemetry-sdk-extension-autoconfigure-spi-1.25.0.jar;C:\Users\adeola.adefuye\.m2\io\zipkin\reporter2\zipkin-sender-okhttp3\2.16.3\zipkin-sender-okhttp3-2.16.3.jar;C:\Users\adeola.adefuye\.m2\com\squareup\okhttp3\okhttp\4.10.0\okhttp-4.10.0.jar;C:\Users\adeola.adefuye\.m2\com\squareup\okio\okio-jvm\3.0.0\okio-jvm-3.0.0.jar;C:\Users\adeola.adefuye\.m2\org\jetbrains\kotlin\kotlin-stdlib-jdk8\1.8.22\kotlin-stdlib-jdk8-1.8.22.jar;C:\Users\adeola.adefuye\.m2\org\jetbrains\kotlin\kotlin-stdlib-jdk7\1.8.22\kotlin-stdlib-jdk7-1.8.22.jar;C:\Users\adeola.adefuye\.m2\org\jetbrains\kotlin\kotlin-stdlib-common\1.8.22\kotlin-stdlib-common-1.8.22.jar;C:\Users\adeola.adefuye\.m2\org\jetbrains\kotlin\kotlin-stdlib\1.8.22\kotlin-stdlib-1.8.22.jar;C:\Users\adeola.adefuye\.m2\org\jetbrains\annotations\13.0\annotations-13.0.jar;C:\Users\adeola.adefuye\.m2\org\springdoc\springdoc-openapi-starter-webmvc-api\2.1.0\springdoc-openapi-starter-webmvc-api-2.1.0.jar;C:\Users\adeola.adefuye\.m2\org\springdoc\springdoc-openapi-starter-common\2.1.0\springdoc-openapi-starter-common-2.1.0.jar;C:\Users\adeola.adefuye\.m2\io\swagger\core\v3\swagger-core-jakarta\2.2.9\swagger-core-jakarta-2.2.9.jar;C:\Users\adeola.adefuye\.m2\org\apache\commons\commons-lang3\3.12.0\commons-lang3-3.12.0.jar;C:\Users\adeola.adefuye\.m2\io\swagger\core\v3\swagger-annotations-jakarta\2.2.9\swagger-annotations-jakarta-2.2.9.jar;C:\Users\adeola.adefuye\.m2\io\swagger\core\v3\swagger-models-jakarta\2.2.9\swagger-models-jakarta-2.2.9.jar;C:\Users\adeola.adefuye\.m2\jakarta\validation\jakarta.validation-api\3.0.2\jakarta.validation-api-3.0.2.jar;C:\Users\adeola.adefuye\.m2\com\fasterxml\jackson\dataformat\jackson-dataformat-yaml\2.15.2\jackson-dataformat-yaml-2.15.2.jar;C:\Users\adeola.adefuye\.m2\org\springframework\boot\spring-boot-starter-test\3.1.2\spring-boot-starter-test-3.1.2.jar;C:\Users\adeola.adefuye\.m2\org\springframework\boot\spring-boot-test\3.1.2\spring-boot-test-3.1.2.jar;C:\Users\adeola.adefuye\.m2\org\springframework\boot\spring-boot-test-autoconfigure\3.1.2\spring-boot-test-autoconfigure-3.1.2.jar;C:\Users\adeola.adefuye\.m2\com\jayway\jsonpath\json-path\2.8.0\json-path-2.8.0.jar;C:\Users\adeola.adefuye\.m2\jakarta\xml\bind\jakarta.xml.bind-api\4.0.0\jakarta.xml.bind-api-4.0.0.jar;C:\Users\adeola.adefuye\.m2\jakarta\activation\jakarta.activation-api\2.1.2\jakarta.activation-api-2.1.2.jar;C:\Users\adeola.adefuye\.m2\net\minidev\json-smart\2.4.11\json-smart-2.4.11.jar;C:\Users\adeola.adefuye\.m2\net\minidev\accessors-smart\2.4.11\accessors-smart-2.4.11.jar;C:\Users\adeola.adefuye\.m2\org\ow2\asm\asm\9.3\asm-9.3.jar;C:\Users\adeola.adefuye\.m2\org\assertj\assertj-core\3.24.2\assertj-core-3.24.2.jar;C:\Users\adeola.adefuye\.m2\net\bytebuddy\byte-buddy\1.14.5\byte-buddy-1.14.5.jar;C:\Users\adeola.adefuye\.m2\org\hamcrest\hamcrest\2.2\hamcrest-2.2.jar;C:\Users\adeola.adefuye\.m2\org\junit\jupiter\junit-jupiter\5.9.3\junit-jupiter-5.9.3.jar;C:\Users\adeola.adefuye\.m2\org\junit\jupiter\junit-jupiter-api\5.9.3\junit-jupiter-api-5.9.3.jar;C:\Users\adeola.adefuye\.m2\org\opentest4j\opentest4j\1.2.0\opentest4j-1.2.0.jar;C:\Users\adeola.adefuye\.m2\org\junit\platform\junit-platform-commons\1.9.3\junit-platform-commons-1.9.3.jar;C:\Users\adeola.adefuye\.m2\org\apiguardian\apiguardian-api\1.1.2\apiguardian-api-1.1.2.jar;C:\Users\adeola.adefuye\.m2\org\junit\jupiter\junit-jupiter-params\5.9.3\junit-jupiter-params-5.9.3.jar;C:\Users\adeola.adefuye\.m2\org\junit\jupiter\junit-jupiter-engine\5.9.3\junit-jupiter-engine-5.9.3.jar;C:\Users\adeola.adefuye\.m2\org\junit\platform\junit-platform-engine\1.9.3\junit-platform-engine-1.9.3.jar;C:\Users\adeola.adefuye\.m2\org\mockito\mockito-core\5.3.1\mockito-core-5.3.1.jar;C:\Users\adeola.adefuye\.m2\net\bytebuddy\byte-buddy-agent\1.14.5\byte-buddy-agent-1.14.5.jar;C:\Users\adeola.adefuye\.m2\org\objenesis\objenesis\3.3\objenesis-3.3.jar;C:\Users\adeola.adefuye\.m2\org\mockito\mockito-junit-jupiter\5.3.1\mockito-junit-jupiter-5.3.1.jar;C:\Users\adeola.adefuye\.m2\org\skyscreamer\jsonassert\1.5.1\jsonassert-1.5.1.jar;C:\Users\adeola.adefuye\.m2\com\vaadin\external\google\android-json\0.0.20131108.vaadin1\android-json-0.0.20131108.vaadin1.jar;C:\Users\adeola.adefuye\.m2\org\springframework\spring-core\6.0.11\spring-core-6.0.11.jar;C:\Users\adeola.adefuye\.m2\org\springframework\spring-jcl\6.0.11\spring-jcl-6.0.11.jar;C:\Users\adeola.adefuye\.m2\org\springframework\spring-test\6.0.11\spring-test-6.0.11.jar;C:\Users\adeola.adefuye\.m2\org\xmlunit\xmlunit-core\2.9.1\xmlunit-core-2.9.1.jar;C:\Users\adeola.adefuye\.m2\org\instancio\instancio-junit\3.0.1\instancio-junit-3.0.1.jar;C:\Users\adeola.adefuye\.m2\org\instancio\instancio-core\3.0.1\instancio-core-3.0.1.jar;"/>
    <property name="java.vm.vendor" value="Oracle Corporation"/>
    <property name="sun.arch.data.model" value="64"/>
    <property name="user.variant" value=""/>
    <property name="catalina.useNaming" value="false"/>
    <property name="java.vendor.url" value="https://java.oracle.com/"/>
    <property name="user.timezone" value="Africa/Lagos"/>
    <property name="user.country.format" value="NG"/>
    <property name="os.name" value="Windows 11"/>
    <property name="java.vm.specification.version" value="17"/>
    <property name="sun.java.launcher" value="SUN_STANDARD"/>
    <property name="user.country" value="US"/>
    <property name="sun.boot.library.path" value="C:\Program Files\Java\jdk-17\bin"/>
    <property name="sun.java.command" value="C:\Users\adeola.adefuye\AppData\Local\Temp\surefire70864047826402384\surefirebooter-20230815114625209_25.jar C:\Users\adeola.adefuye\AppData\Local\Temp\surefire70864047826402384 2023-08-15T11-45-21_635-jvmRun1 surefire-20230815114625209_23tmp surefire_3-20230815114625209_24tmp"/>
    <property name="jdk.debug" value="release"/>
    <property name="surefire.test.class.path" value="C:\Users\adeola.adefuye\Desktop\Tech\Programming\Java\shared\spring-microservices\salary-service\target\test-classes;C:\Users\adeola.adefuye\Desktop\Tech\Programming\Java\shared\spring-microservices\salary-service\target\classes;C:\Users\adeola.adefuye\.m2\org\springframework\cloud\spring-cloud-starter-netflix-eureka-client\4.0.3\spring-cloud-starter-netflix-eureka-client-4.0.3.jar;C:\Users\adeola.adefuye\.m2\org\springframework\cloud\spring-cloud-starter\4.0.4\spring-cloud-starter-4.0.4.jar;C:\Users\adeola.adefuye\.m2\org\springframework\cloud\spring-cloud-context\4.0.4\spring-cloud-context-4.0.4.jar;C:\Users\adeola.adefuye\.m2\org\springframework\security\spring-security-rsa\1.0.12.RELEASE\spring-security-rsa-1.0.12.RELEASE.jar;C:\Users\adeola.adefuye\.m2\org\bouncycastle\bcpkix-jdk18on\1.73\bcpkix-jdk18on-1.73.jar;C:\Users\adeola.adefuye\.m2\org\bouncycastle\bcprov-jdk18on\1.73\bcprov-jdk18on-1.73.jar;C:\Users\adeola.adefuye\.m2\org\bouncycastle\bcutil-jdk18on\1.73\bcutil-jdk18on-1.73.jar;C:\Users\adeola.adefuye\.m2\org\springframework\cloud\spring-cloud-netflix-eureka-client\4.0.3\spring-cloud-netflix-eureka-client-4.0.3.jar;C:\Users\adeola.adefuye\.m2\org\apache\httpcomponents\client5\httpclient5\5.2.1\httpclient5-5.2.1.jar;C:\Users\adeola.adefuye\.m2\org\apache\httpcomponents\core5\httpcore5\5.2.2\httpcore5-5.2.2.jar;C:\Users\adeola.adefuye\.m2\org\apache\httpcomponents\core5\httpcore5-h2\5.2.2\httpcore5-h2-5.2.2.jar;C:\Users\adeola.adefuye\.m2\com\netflix\eureka\eureka-client\2.0.1\eureka-client-2.0.1.jar;C:\Users\adeola.adefuye\.m2\com\netflix\netflix-commons\netflix-eventbus\0.3.0\netflix-eventbus-0.3.0.jar;C:\Users\adeola.adefuye\.m2\com\netflix\netflix-commons\netflix-infix\0.3.0\netflix-infix-0.3.0.jar;C:\Users\adeola.adefuye\.m2\commons-jxpath\commons-jxpath\1.3\commons-jxpath-1.3.jar;C:\Users\adeola.adefuye\.m2\joda-time\joda-time\2.3\joda-time-2.3.jar;C:\Users\adeola.adefuye\.m2\org\antlr\antlr-runtime\3.4\antlr-runtime-3.4.jar;C:\Users\adeola.adefuye\.m2\org\antlr\stringtemplate\3.2.1\stringtemplate-3.2.1.jar;C:\Users\adeola.adefuye\.m2\antlr\antlr\2.7.7\antlr-2.7.7.jar;C:\Users\adeola.adefuye\.m2\com\google\code\gson\gson\2.10.1\gson-2.10.1.jar;C:\Users\adeola.adefuye\.m2\org\apache\commons\commons-math\2.2\commons-math-2.2.jar;C:\Users\adeola.adefuye\.m2\com\thoughtworks\xstream\xstream\1.4.19\xstream-1.4.19.jar;C:\Users\adeola.adefuye\.m2\io\github\x-stream\mxparser\1.2.2\mxparser-1.2.2.jar;C:\Users\adeola.adefuye\.m2\xmlpull\xmlpull\1.1.3.1\xmlpull-1.1.3.1.jar;C:\Users\adeola.adefuye\.m2\jakarta\ws\rs\jakarta.ws.rs-api\3.1.0\jakarta.ws.rs-api-3.1.0.jar;C:\Users\adeola.adefuye\.m2\jakarta\inject\jakarta.inject-api\2.0.1\jakarta.inject-api-2.0.1.jar;C:\Users\adeola.adefuye\.m2\jakarta\annotation\jakarta.annotation-api\2.1.1\jakarta.annotation-api-2.1.1.jar;C:\Users\adeola.adefuye\.m2\com\netflix\servo\servo-core\0.12.21\servo-core-0.12.21.jar;C:\Users\adeola.adefuye\.m2\com\google\guava\guava\19.0\guava-19.0.jar;C:\Users\adeola.adefuye\.m2\org\apache\httpcomponents\httpclient\4.5.3\httpclient-4.5.3.jar;C:\Users\adeola.adefuye\.m2\org\apache\httpcomponents\httpcore\4.4.16\httpcore-4.4.16.jar;C:\Users\adeola.adefuye\.m2\commons-codec\commons-codec\1.15\commons-codec-1.15.jar;C:\Users\adeola.adefuye\.m2\commons-configuration\commons-configuration\1.10\commons-configuration-1.10.jar;C:\Users\adeola.adefuye\.m2\commons-lang\commons-lang\2.6\commons-lang-2.6.jar;C:\Users\adeola.adefuye\.m2\com\fasterxml\jackson\core\jackson-annotations\2.15.2\jackson-annotations-2.15.2.jar;C:\Users\adeola.adefuye\.m2\com\fasterxml\jackson\core\jackson-core\2.15.2\jackson-core-2.15.2.jar;C:\Users\adeola.adefuye\.m2\org\codehaus\jettison\jettison\1.4.0\jettison-1.4.0.jar;C:\Users\adeola.adefuye\.m2\com\netflix\eureka\eureka-core\2.0.1\eureka-core-2.0.1.jar;C:\Users\adeola.adefuye\.m2\jakarta\servlet\jakarta.servlet-api\6.0.0\jakarta.servlet-api-6.0.0.jar;C:\Users\adeola.adefuye\.m2\com\fasterxml\woodstox\woodstox-core\6.2.1\woodstox-core-6.2.1.jar;C:\Users\adeola.adefuye\.m2\org\codehaus\woodstox\stax2-api\4.2.1\stax2-api-4.2.1.jar;C:\Users\adeola.adefuye\.m2\org\springframework\cloud\spring-cloud-starter-loadbalancer\4.0.4\spring-cloud-starter-loadbalancer-4.0.4.jar;C:\Users\adeola.adefuye\.m2\org\springframework\cloud\spring-cloud-loadbalancer\4.0.4\spring-cloud-loadbalancer-4.0.4.jar;C:\Users\adeola.adefuye\.m2\io\projectreactor\reactor-core\3.5.8\reactor-core-3.5.8.jar;C:\Users\adeola.adefuye\.m2\org\reactivestreams\reactive-streams\1.0.4\reactive-streams-1.0.4.jar;C:\Users\adeola.adefuye\.m2\io\projectreactor\addons\reactor-extra\3.5.1\reactor-extra-3.5.1.jar;C:\Users\adeola.adefuye\.m2\org\springframework\boot\spring-boot-starter-cache\3.1.2\spring-boot-starter-cache-3.1.2.jar;C:\Users\adeola.adefuye\.m2\org\springframework\spring-context-support\6.0.11\spring-context-support-6.0.11.jar;C:\Users\adeola.adefuye\.m2\com\stoyanr\evictor\1.0.0\evictor-1.0.0.jar;C:\Users\adeola.adefuye\.m2\org\springframework\cloud\spring-cloud-starter-config\4.0.4\spring-cloud-starter-config-4.0.4.jar;C:\Users\adeola.adefuye\.m2\org\springframework\cloud\spring-cloud-config-client\4.0.4\spring-cloud-config-client-4.0.4.jar;C:\Users\adeola.adefuye\.m2\com\fasterxml\jackson\core\jackson-databind\2.15.2\jackson-databind-2.15.2.jar;C:\Users\adeola.adefuye\.m2\org\springframework\cloud\spring-cloud-starter-openfeign\4.0.4\spring-cloud-starter-openfeign-4.0.4.jar;C:\Users\adeola.adefuye\.m2\org\springframework\spring-web\6.0.11\spring-web-6.0.11.jar;C:\Users\adeola.adefuye\.m2\org\springframework\spring-beans\6.0.11\spring-beans-6.0.11.jar;C:\Users\adeola.adefuye\.m2\org\springframework\cloud\spring-cloud-commons\4.0.4\spring-cloud-commons-4.0.4.jar;C:\Users\adeola.adefuye\.m2\org\springframework\security\spring-security-crypto\6.1.2\spring-security-crypto-6.1.2.jar;C:\Users\adeola.adefuye\.m2\io\github\openfeign\feign-core\12.4\feign-core-12.4.jar;C:\Users\adeola.adefuye\.m2\io\github\openfeign\feign-slf4j\12.4\feign-slf4j-12.4.jar;C:\Users\adeola.adefuye\.m2\org\springframework\cloud\spring-cloud-openfeign-core\4.0.4\spring-cloud-openfeign-core-4.0.4.jar;C:\Users\adeola.adefuye\.m2\org\springframework\boot\spring-boot-autoconfigure\3.1.2\spring-boot-autoconfigure-3.1.2.jar;C:\Users\adeola.adefuye\.m2\org\springframework\boot\spring-boot\3.1.2\spring-boot-3.1.2.jar;C:\Users\adeola.adefuye\.m2\org\springframework\boot\spring-boot-starter-aop\3.1.2\spring-boot-starter-aop-3.1.2.jar;C:\Users\adeola.adefuye\.m2\org\springframework\spring-aop\6.0.11\spring-aop-6.0.11.jar;C:\Users\adeola.adefuye\.m2\org\aspectj\aspectjweaver\1.9.19\aspectjweaver-1.9.19.jar;C:\Users\adeola.adefuye\.m2\io\github\openfeign\form\feign-form-spring\3.8.0\feign-form-spring-3.8.0.jar;C:\Users\adeola.adefuye\.m2\io\github\openfeign\form\feign-form\3.8.0\feign-form-3.8.0.jar;C:\Users\adeola.adefuye\.m2\commons-fileupload\commons-fileupload\1.5\commons-fileupload-1.5.jar;C:\Users\adeola.adefuye\.m2\commons-io\commons-io\2.11.0\commons-io-2.11.0.jar;C:\Users\adeola.adefuye\.m2\org\springframework\boot\spring-boot-starter-web\3.1.2\spring-boot-starter-web-3.1.2.jar;C:\Users\adeola.adefuye\.m2\org\springframework\boot\spring-boot-starter\3.1.2\spring-boot-starter-3.1.2.jar;C:\Users\adeola.adefuye\.m2\org\springframework\boot\spring-boot-starter-logging\3.1.2\spring-boot-starter-logging-3.1.2.jar;C:\Users\adeola.adefuye\.m2\ch\qos\logback\logback-classic\1.4.8\logback-classic-1.4.8.jar;C:\Users\adeola.adefuye\.m2\ch\qos\logback\logback-core\1.4.8\logback-core-1.4.8.jar;C:\Users\adeola.adefuye\.m2\org\apache\logging\log4j\log4j-to-slf4j\2.20.0\log4j-to-slf4j-2.20.0.jar;C:\Users\adeola.adefuye\.m2\org\apache\logging\log4j\log4j-api\2.20.0\log4j-api-2.20.0.jar;C:\Users\adeola.adefuye\.m2\org\slf4j\jul-to-slf4j\2.0.7\jul-to-slf4j-2.0.7.jar;C:\Users\adeola.adefuye\.m2\org\yaml\snakeyaml\1.33\snakeyaml-1.33.jar;C:\Users\adeola.adefuye\.m2\org\springframework\boot\spring-boot-starter-json\3.1.2\spring-boot-starter-json-3.1.2.jar;C:\Users\adeola.adefuye\.m2\com\fasterxml\jackson\datatype\jackson-datatype-jdk8\2.15.2\jackson-datatype-jdk8-2.15.2.jar;C:\Users\adeola.adefuye\.m2\com\fasterxml\jackson\datatype\jackson-datatype-jsr310\2.15.2\jackson-datatype-jsr310-2.15.2.jar;C:\Users\adeola.adefuye\.m2\com\fasterxml\jackson\module\jackson-module-parameter-names\2.15.2\jackson-module-parameter-names-2.15.2.jar;C:\Users\adeola.adefuye\.m2\org\springframework\boot\spring-boot-starter-tomcat\3.1.2\spring-boot-starter-tomcat-3.1.2.jar;C:\Users\adeola.adefuye\.m2\org\apache\tomcat\embed\tomcat-embed-core\10.1.11\tomcat-embed-core-10.1.11.jar;C:\Users\adeola.adefuye\.m2\org\apache\tomcat\embed\tomcat-embed-el\10.1.11\tomcat-embed-el-10.1.11.jar;C:\Users\adeola.adefuye\.m2\org\apache\tomcat\embed\tomcat-embed-websocket\10.1.11\tomcat-embed-websocket-10.1.11.jar;C:\Users\adeola.adefuye\.m2\org\springframework\spring-webmvc\6.0.11\spring-webmvc-6.0.11.jar;C:\Users\adeola.adefuye\.m2\org\springframework\spring-context\6.0.11\spring-context-6.0.11.jar;C:\Users\adeola.adefuye\.m2\org\springframework\spring-expression\6.0.11\spring-expression-6.0.11.jar;C:\Users\adeola.adefuye\.m2\org\springframework\boot\spring-boot-starter-actuator\3.1.2\spring-boot-starter-actuator-3.1.2.jar;C:\Users\adeola.adefuye\.m2\org\springframework\boot\spring-boot-actuator-autoconfigure\3.1.2\spring-boot-actuator-autoconfigure-3.1.2.jar;C:\Users\adeola.adefuye\.m2\org\springframework\boot\spring-boot-actuator\3.1.2\spring-boot-actuator-3.1.2.jar;C:\Users\adeola.adefuye\.m2\io\micrometer\micrometer-observation\1.11.2\micrometer-observation-1.11.2.jar;C:\Users\adeola.adefuye\.m2\io\micrometer\micrometer-commons\1.11.2\micrometer-commons-1.11.2.jar;C:\Users\adeola.adefuye\.m2\io\micrometer\micrometer-core\1.11.2\micrometer-core-1.11.2.jar;C:\Users\adeola.adefuye\.m2\org\hdrhistogram\HdrHistogram\2.1.12\HdrHistogram-2.1.12.jar;C:\Users\adeola.adefuye\.m2\org\latencyutils\LatencyUtils\2.0.3\LatencyUtils-2.0.3.jar;C:\Users\adeola.adefuye\.m2\io\micrometer\micrometer-tracing-bridge-otel\1.1.3\micrometer-tracing-bridge-otel-1.1.3.jar;C:\Users\adeola.adefuye\.m2\io\micrometer\micrometer-tracing\1.1.3\micrometer-tracing-1.1.3.jar;C:\Users\adeola.adefuye\.m2\io\micrometer\context-propagation\1.0.4\context-propagation-1.0.4.jar;C:\Users\adeola.adefuye\.m2\aopalliance\aopalliance\1.0\aopalliance-1.0.jar;C:\Users\adeola.adefuye\.m2\org\slf4j\slf4j-api\2.0.7\slf4j-api-2.0.7.jar;C:\Users\adeola.adefuye\.m2\io\opentelemetry\opentelemetry-api\1.25.0\opentelemetry-api-1.25.0.jar;C:\Users\adeola.adefuye\.m2\io\opentelemetry\opentelemetry-context\1.25.0\opentelemetry-context-1.25.0.jar;C:\Users\adeola.adefuye\.m2\io\opentelemetry\opentelemetry-semconv\1.25.0-alpha\opentelemetry-semconv-1.25.0-alpha.jar;C:\Users\adeola.adefuye\.m2\io\opentelemetry\opentelemetry-sdk-common\1.25.0\opentelemetry-sdk-common-1.25.0.jar;C:\Users\adeola.adefuye\.m2\io\opentelemetry\opentelemetry-sdk-trace\1.25.0\opentelemetry-sdk-trace-1.25.0.jar;C:\Users\adeola.adefuye\.m2\io\opentelemetry\opentelemetry-sdk\1.25.0\opentelemetry-sdk-1.25.0.jar;C:\Users\adeola.adefuye\.m2\io\opentelemetry\opentelemetry-sdk-metrics\1.25.0\opentelemetry-sdk-metrics-1.25.0.jar;C:\Users\adeola.adefuye\.m2\io\opentelemetry\opentelemetry-sdk-logs\1.25.0-alpha\opentelemetry-sdk-logs-1.25.0-alpha.jar;C:\Users\adeola.adefuye\.m2\io\opentelemetry\opentelemetry-api-logs\1.25.0-alpha\opentelemetry-api-logs-1.25.0-alpha.jar;C:\Users\adeola.adefuye\.m2\io\opentelemetry\opentelemetry-api-events\1.25.0-alpha\opentelemetry-api-events-1.25.0-alpha.jar;C:\Users\adeola.adefuye\.m2\io\opentelemetry\instrumentation\opentelemetry-instrumentation-api-semconv\1.24.0-alpha\opentelemetry-instrumentation-api-semconv-1.24.0-alpha.jar;C:\Users\adeola.adefuye\.m2\io\opentelemetry\instrumentation\opentelemetry-instrumentation-api\1.24.0\opentelemetry-instrumentation-api-1.24.0.jar;C:\Users\adeola.adefuye\.m2\io\opentelemetry\opentelemetry-extension-trace-propagators\1.25.0\opentelemetry-extension-trace-propagators-1.25.0.jar;C:\Users\adeola.adefuye\.m2\io\opentelemetry\opentelemetry-exporter-zipkin\1.25.0\opentelemetry-exporter-zipkin-1.25.0.jar;C:\Users\adeola.adefuye\.m2\io\zipkin\reporter2\zipkin-reporter\2.16.3\zipkin-reporter-2.16.3.jar;C:\Users\adeola.adefuye\.m2\io\zipkin\zipkin2\zipkin\2.23.2\zipkin-2.23.2.jar;C:\Users\adeola.adefuye\.m2\io\opentelemetry\opentelemetry-exporter-common\1.25.0\opentelemetry-exporter-common-1.25.0.jar;C:\Users\adeola.adefuye\.m2\io\opentelemetry\opentelemetry-sdk-extension-autoconfigure-spi\1.25.0\opentelemetry-sdk-extension-autoconfigure-spi-1.25.0.jar;C:\Users\adeola.adefuye\.m2\io\zipkin\reporter2\zipkin-sender-okhttp3\2.16.3\zipkin-sender-okhttp3-2.16.3.jar;C:\Users\adeola.adefuye\.m2\com\squareup\okhttp3\okhttp\4.10.0\okhttp-4.10.0.jar;C:\Users\adeola.adefuye\.m2\com\squareup\okio\okio-jvm\3.0.0\okio-jvm-3.0.0.jar;C:\Users\adeola.adefuye\.m2\org\jetbrains\kotlin\kotlin-stdlib-jdk8\1.8.22\kotlin-stdlib-jdk8-1.8.22.jar;C:\Users\adeola.adefuye\.m2\org\jetbrains\kotlin\kotlin-stdlib-jdk7\1.8.22\kotlin-stdlib-jdk7-1.8.22.jar;C:\Users\adeola.adefuye\.m2\org\jetbrains\kotlin\kotlin-stdlib-common\1.8.22\kotlin-stdlib-common-1.8.22.jar;C:\Users\adeola.adefuye\.m2\org\jetbrains\kotlin\kotlin-stdlib\1.8.22\kotlin-stdlib-1.8.22.jar;C:\Users\adeola.adefuye\.m2\org\jetbrains\annotations\13.0\annotations-13.0.jar;C:\Users\adeola.adefuye\.m2\org\springdoc\springdoc-openapi-starter-webmvc-api\2.1.0\springdoc-openapi-starter-webmvc-api-2.1.0.jar;C:\Users\adeola.adefuye\.m2\org\springdoc\springdoc-openapi-starter-common\2.1.0\springdoc-openapi-starter-common-2.1.0.jar;C:\Users\adeola.adefuye\.m2\io\swagger\core\v3\swagger-core-jakarta\2.2.9\swagger-core-jakarta-2.2.9.jar;C:\Users\adeola.adefuye\.m2\org\apache\commons\commons-lang3\3.12.0\commons-lang3-3.12.0.jar;C:\Users\adeola.adefuye\.m2\io\swagger\core\v3\swagger-annotations-jakarta\2.2.9\swagger-annotations-jakarta-2.2.9.jar;C:\Users\adeola.adefuye\.m2\io\swagger\core\v3\swagger-models-jakarta\2.2.9\swagger-models-jakarta-2.2.9.jar;C:\Users\adeola.adefuye\.m2\jakarta\validation\jakarta.validation-api\3.0.2\jakarta.validation-api-3.0.2.jar;C:\Users\adeola.adefuye\.m2\com\fasterxml\jackson\dataformat\jackson-dataformat-yaml\2.15.2\jackson-dataformat-yaml-2.15.2.jar;C:\Users\adeola.adefuye\.m2\org\springframework\boot\spring-boot-starter-test\3.1.2\spring-boot-starter-test-3.1.2.jar;C:\Users\adeola.adefuye\.m2\org\springframework\boot\spring-boot-test\3.1.2\spring-boot-test-3.1.2.jar;C:\Users\adeola.adefuye\.m2\org\springframework\boot\spring-boot-test-autoconfigure\3.1.2\spring-boot-test-autoconfigure-3.1.2.jar;C:\Users\adeola.adefuye\.m2\com\jayway\jsonpath\json-path\2.8.0\json-path-2.8.0.jar;C:\Users\adeola.adefuye\.m2\jakarta\xml\bind\jakarta.xml.bind-api\4.0.0\jakarta.xml.bind-api-4.0.0.jar;C:\Users\adeola.adefuye\.m2\jakarta\activation\jakarta.activation-api\2.1.2\jakarta.activation-api-2.1.2.jar;C:\Users\adeola.adefuye\.m2\net\minidev\json-smart\2.4.11\json-smart-2.4.11.jar;C:\Users\adeola.adefuye\.m2\net\minidev\accessors-smart\2.4.11\accessors-smart-2.4.11.jar;C:\Users\adeola.adefuye\.m2\org\ow2\asm\asm\9.3\asm-9.3.jar;C:\Users\adeola.adefuye\.m2\org\assertj\assertj-core\3.24.2\assertj-core-3.24.2.jar;C:\Users\adeola.adefuye\.m2\net\bytebuddy\byte-buddy\1.14.5\byte-buddy-1.14.5.jar;C:\Users\adeola.adefuye\.m2\org\hamcrest\hamcrest\2.2\hamcrest-2.2.jar;C:\Users\adeola.adefuye\.m2\org\junit\jupiter\junit-jupiter\5.9.3\junit-jupiter-5.9.3.jar;C:\Users\adeola.adefuye\.m2\org\junit\jupiter\junit-jupiter-api\5.9.3\junit-jupiter-api-5.9.3.jar;C:\Users\adeola.adefuye\.m2\org\opentest4j\opentest4j\1.2.0\opentest4j-1.2.0.jar;C:\Users\adeola.adefuye\.m2\org\junit\platform\junit-platform-commons\1.9.3\junit-platform-commons-1.9.3.jar;C:\Users\adeola.adefuye\.m2\org\apiguardian\apiguardian-api\1.1.2\apiguardian-api-1.1.2.jar;C:\Users\adeola.adefuye\.m2\org\junit\jupiter\junit-jupiter-params\5.9.3\junit-jupiter-params-5.9.3.jar;C:\Users\adeola.adefuye\.m2\org\junit\jupiter\junit-jupiter-engine\5.9.3\junit-jupiter-engine-5.9.3.jar;C:\Users\adeola.adefuye\.m2\org\junit\platform\junit-platform-engine\1.9.3\junit-platform-engine-1.9.3.jar;C:\Users\adeola.adefuye\.m2\org\mockito\mockito-core\5.3.1\mockito-core-5.3.1.jar;C:\Users\adeola.adefuye\.m2\net\bytebuddy\byte-buddy-agent\1.14.5\byte-buddy-agent-1.14.5.jar;C:\Users\adeola.adefuye\.m2\org\objenesis\objenesis\3.3\objenesis-3.3.jar;C:\Users\adeola.adefuye\.m2\org\mockito\mockito-junit-jupiter\5.3.1\mockito-junit-jupiter-5.3.1.jar;C:\Users\adeola.adefuye\.m2\org\skyscreamer\jsonassert\1.5.1\jsonassert-1.5.1.jar;C:\Users\adeola.adefuye\.m2\com\vaadin\external\google\android-json\0.0.20131108.vaadin1\android-json-0.0.20131108.vaadin1.jar;C:\Users\adeola.adefuye\.m2\org\springframework\spring-core\6.0.11\spring-core-6.0.11.jar;C:\Users\adeola.adefuye\.m2\org\springframework\spring-jcl\6.0.11\spring-jcl-6.0.11.jar;C:\Users\adeola.adefuye\.m2\org\springframework\spring-test\6.0.11\spring-test-6.0.11.jar;C:\Users\adeola.adefuye\.m2\org\xmlunit\xmlunit-core\2.9.1\xmlunit-core-2.9.1.jar;C:\Users\adeola.adefuye\.m2\org\instancio\instancio-junit\3.0.1\instancio-junit-3.0.1.jar;C:\Users\adeola.adefuye\.m2\org\instancio\instancio-core\3.0.1\instancio-core-3.0.1.jar;"/>
    <property name="sun.cpu.endian" value="little"/>
    <property name="user.home" value="C:\Users\adeola.adefuye"/>
    <property name="user.language" value="en"/>
    <property name="java.specification.vendor" value="Oracle Corporation"/>
    <property name="java.version.date" value="2023-07-18"/>
    <property name="java.home" value="C:\Program Files\Java\jdk-17"/>
    <property name="file.separator" value="\"/>
    <property name="basedir" value="C:\Users\adeola.adefuye\Desktop\Tech\Programming\Java\shared\spring-microservices\salary-service"/>
    <property name="java.vm.compressedOopsMode" value="Zero based"/>
    <property name="line.separator" value="&#10;"/>
    <property name="java.vm.specification.vendor" value="Oracle Corporation"/>
    <property name="java.specification.name" value="Java Platform API Specification"/>
    <property name="FILE_LOG_CHARSET" value="windows-1252"/>
    <property name="java.awt.headless" value="true"/>
    <property name="surefire.real.class.path" value="C:\Users\adeola.adefuye\AppData\Local\Temp\surefire70864047826402384\surefirebooter-20230815114625209_25.jar"/>
    <property name="user.script" value=""/>
    <property name="sun.management.compiler" value="HotSpot 64-Bit Tiered Compilers"/>
    <property name="java.runtime.version" value="17.0.8+9-LTS-211"/>
    <property name="user.name" value="Adeola.Adefuye"/>
    <property name="path.separator" value=";"/>
    <property name="os.version" value="10.0"/>
    <property name="java.runtime.name" value="Java(TM) SE Runtime Environment"/>
    <property name="file.encoding" value="Cp1252"/>
    <property name="java.vm.name" value="Java HotSpot(TM) 64-Bit Server VM"/>
    <property name="localRepository" value="C:\Users\adeola.adefuye\.m2"/>
    <property name="java.vendor.url.bug" value="https://bugreport.java.com/bugreport/"/>
    <property name="java.io.tmpdir" value="C:\Users\ADEOLA~1.ADE\AppData\Local\Temp\"/>
    <property name="catalina.home" value="C:\Users\adeola.adefuye\AppData\Local\Temp\tomcat.0.4193734790205929374"/>
    <property name="java.version" value="17.0.8"/>
    <property name="user.dir" value="C:\Users\adeola.adefuye\Desktop\Tech\Programming\Java\shared\spring-microservices\salary-service"/>
    <property name="os.arch" value="amd64"/>
    <property name="java.vm.specification.name" value="Java Virtual Machine Specification"/>
    <property name="PID" value="1996"/>
    <property name="sun.os.patch.level" value=""/>
    <property name="CONSOLE_LOG_CHARSET" value="windows-1252"/>
    <property name="catalina.base" value="C:\Users\adeola.adefuye\AppData\Local\Temp\tomcat.0.7124683558571006833"/>
    <property name="native.encoding" value="Cp1252"/>
    <property name="java.library.path" value="C:\Program Files\Java\jdk-17\bin;C:\WINDOWS\Sun\Java\bin;C:\WINDOWS\system32;C:\WINDOWS;C:\Program Files\Common Files\Oracle\Java\javapath;C:\Python311\Scripts\;C:\Python311\;C:\Program Files\Microsoft\jdk-11.0.16.101-hotspot\bin;C:\WINDOWS\system32;C:\WINDOWS;C:\WINDOWS\System32\Wbem;C:\WINDOWS\System32\WindowsPowerShell\v1.0\;C:\WINDOWS\System32\OpenSSH\;C:\ProgramData\chocolatey\bin;C:\Program Files\Azure Data Studio\bin;C:\Program Files (x86)\Microsoft SQL Server\160\Tools\Binn\;C:\Program Files\Microsoft SQL Server\160\Tools\Binn\;C:\Program Files\Microsoft SQL Server\Client SDK\ODBC\170\Tools\Binn\;C:\Program Files\Microsoft SQL Server\160\DTS\Binn\;C:\Program Files\nodejs\;C:\Program Files (x86)\Microsoft SQL Server\160\DTS\Binn\;C:\apache-maven-3.9.3\bin;C:\Program Files\Java\jdk-17\bin;C:\Users\adeola.adefuye\AppData\Local\Programs\Python\Python311\Scripts\;C:\Users\adeola.adefuye\AppData\Local\Programs\Python\Python311\;C:\Users\adeola.adefuye\AppData\Local\Programs\Python\Launcher\;C:\Users\adeola.adefuye\AppData\Local\Microsoft\WindowsApps;C:\Users\adeola.adefuye\AppData\Local\Programs\Microsoft VS Code\bin;C:\Users\adeola.adefuye\AppData\Roaming\npm;C:\Users\adeola.adefuye\AppData\Local\GitHubDesktop\bin;;."/>
    <property name="java.vm.info" value="mixed mode, sharing"/>
    <property name="java.vendor" value="Oracle Corporation"/>
    <property name="java.vm.version" value="17.0.8+9-LTS-211"/>
    <property name="sun.io.unicode.encoding" value="UnicodeLittle"/>
    <property name="java.class.version" value="61.0"/>
    <property name="CONSOLE_LOG_PATTERN" value="%d{yyyy-MM-dd HH:mm:ss} [%X{traceId:-},%X{spanId:-}] -%5p %m%n"/>
  </properties>
  <testcase name="testAddDepartment" classname="com.interswitch.DepartmentRepositoryTest" time="0.015"/>
  <testcase name="testFindAll" classname="com.interswitch.DepartmentRepositoryTest" time="0.001"/>
  <testcase name="testFindByOrganization" classname="com.interswitch.DepartmentRepositoryTest" time="0.001"/>
  <testcase name="testFindById" classname="com.interswitch.DepartmentRepositoryTest" time="0.001"/>
</testsuite>